UTC 2024/08/17 21:31:41 main.go:21: []
UTC 2024/08/17 21:31:41 main.go:19: [10 20 30]
UTC 2024/08/17 21:31:42 main.go:23: []
UTC 2024/08/17 21:31:42 main.go:24: [10 20 30 0 0 0 0 0 0 0]
UTC 2024/08/17 21:33:33 main.go:22: []
UTC 2024/08/17 21:33:33 main.go:20: [10 20 30]
UTC 2024/08/17 21:33:33 main.go:24: []
UTC 2024/08/17 21:33:56 main.go:23: [0 0 0 0 0 0 0 0 0 0]
UTC 2024/08/17 21:33:56 main.go:21: [0 0 0 0 0 0 0 0 0 0 10 20 30]
UTC 2024/08/17 21:33:56 main.go:25: [0 0 0 0 0 0 0 0 0 0]
UTC 2024/08/17 21:33:56 main.go:26: [0 0 0 0 0 0 0 0 0 0]
UTC 2024/08/17 21:34:20 main.go:23: []
UTC 2024/08/17 21:34:20 main.go:21: [10 20 30]
UTC 2024/08/17 21:34:20 main.go:25: []
UTC 2024/08/17 21:34:29 main.go:23: []
UTC 2024/08/17 21:34:29 main.go:21: [10 20 30]
UTC 2024/08/17 21:34:29 main.go:25: []
UTC 2024/08/17 21:35:12 main.go:24: [0 0 0 0 0 0 0 0 0 0]
UTC 2024/08/17 21:35:12 main.go:22: [0 0 0 0 0 0 0 0 0 0 10 20 30]
UTC 2024/08/17 21:35:12 main.go:26: [0 0 0 0 0 0 0 0 0 0]
UTC 2024/08/17 21:35:12 main.go:27: [0 0 0 0 0 0 0 0 0 0]
UTC 2024/08/17 21:36:48 main.go:23: []
UTC 2024/08/17 21:36:48 main.go:21: [10 20 30]
UTC 2024/08/17 21:36:48 main.go:25: []
UTC 2024/08/17 21:36:48 main.go:26: [10 20 30 0 0 0 0 0 0 0]
UTC 2024/08/17 21:37:28 main.go:23: []
UTC 2024/08/17 21:37:28 main.go:21: [10 20 30]
UTC 2024/08/17 21:37:28 main.go:25: []
UTC 2024/08/17 21:37:28 main.go:26: [10 20 30 0 0 0 0 0 0 0]
UTC 2024/08/17 21:37:28 main.go:27: []
UTC 2024/08/17 21:38:28 main.go:23: []
UTC 2024/08/17 21:38:28 main.go:21: &[10 20 30]
UTC 2024/08/17 21:38:28 main.go:25: [10 20 30]
UTC 2024/08/17 21:38:28 main.go:26: [10 20 30 0 0 0 0 0 0 0]
UTC 2024/08/17 21:38:28 main.go:27: [10 20 30]
UTC 2024/08/17 21:40:02 main.go:24: []
UTC 2024/08/17 21:40:02 main.go:21: [10 20 30]
UTC 2024/08/17 21:40:02 main.go:26: [10 20 30]
UTC 2024/08/17 21:40:02 main.go:27: [10 20 30 0 0 0 0 0 0 0]
UTC 2024/08/17 21:40:02 main.go:28: [10 20 30]
UTC 2024/08/17 21:41:28 main.go:24: []
UTC 2024/08/17 21:41:28 main.go:21: [10 20 30]
UTC 2024/08/17 21:41:28 main.go:26: [10 20 30]
UTC 2024/08/17 21:41:37 main.go:24: []
UTC 2024/08/17 21:41:37 main.go:21: [10 20 30]
UTC 2024/08/17 21:41:37 main.go:26: [10 20 30]
UTC 2024/08/17 21:41:37 main.go:28: [10 20 30]
UTC 2024/08/17 21:42:07 main.go:25: []
UTC 2024/08/17 21:42:07 main.go:22: [10 20 30]
UTC 2024/08/17 21:42:07 main.go:28: []
UTC 2024/08/17 21:42:07 main.go:30: []
UTC 2024/08/17 21:43:09 main.go:22: []
UTC 2024/08/17 21:43:16 main.go:20: [10 20 30]
UTC 2024/08/17 21:43:16 main.go:23: []
UTC 2024/08/17 21:44:29 main.go:10: [10 20 30]
UTC 2024/08/17 21:44:29 main.go:22: []
